malloc(): unaligned tcache chunk detected
[spartan-bm107:132658] *** Process received signal ***
[spartan-bm107:132658] Signal: Aborted (6)
[spartan-bm107:132658] Signal code:  (-6)
[spartan-bm107:132658] [ 0] /lib64/libc.so.6(+0x54db0)[0x1505f7254db0]
[spartan-bm107:132658] [ 1] /lib64/libc.so.6(+0xa154c)[0x1505f72a154c]
[spartan-bm107:132658] [ 2] /lib64/libc.so.6(raise+0x16)[0x1505f7254d06]
[spartan-bm107:132658] [ 3] /lib64/libc.so.6(abort+0xd3)[0x1505f72287f3]
[spartan-bm107:132658] [ 4] /lib64/libc.so.6(+0x29130)[0x1505f7229130]
[spartan-bm107:132658] [ 5] /lib64/libc.so.6(+0xab617)[0x1505f72ab617]
[spartan-bm107:132658] [ 6] /lib64/libc.so.6(+0xaf68c)[0x1505f72af68c]
[spartan-bm107:132658] [ 7] /apps/easybuild-2022/easybuild/software/Compiler/GCC/11.3.0/OpenMPI/4.1.4/lib/libmpi.so.40(ompi_attr_set_c+0x36)[0x1505f75f7576]
[spartan-bm107:132658] [ 8] /apps/easybuild-2022/easybuild/software/Compiler/GCC/11.3.0/OpenMPI/4.1.4/lib/openmpi/mca_pml_ucx.so(mca_pml_ucx_init_datatype+0x236)[0x1505f64ce5b6]
[spartan-bm107:132658] [ 9] /apps/easybuild-2022/easybuild/software/Compiler/GCC/11.3.0/OpenMPI/4.1.4/lib/openmpi/mca_pml_ucx.so(mca_pml_ucx_recv+0x1d9)[0x1505f64c9ab9]
[spartan-bm107:132658] [10] /apps/easybuild-2022/easybuild/software/Compiler/GCC/11.3.0/OpenMPI/4.1.4/lib/libmpi.so.40(MPI_Recv+0x155)[0x1505f7648be5]
[spartan-bm107:132658] [11] /home/hchoong/COMP90024_A1/./build/main[0x401d58]
[spartan-bm107:132658] [12] /lib64/libc.so.6(+0x3feb0)[0x1505f723feb0]
[spartan-bm107:132658] [13] /lib64/libc.so.6(__libc_start_main+0x80)[0x1505f723ff60]
[spartan-bm107:132658] [14] /home/hchoong/COMP90024_A1/./build/main[0x401235]
[spartan-bm107:132658] *** End of error message ***
srun: error: spartan-bm107: task 0: Aborted (core dumped)
slurmstepd: error:  mpi/pmix_v4: _errhandler: spartan-bm107 [0]: pmixp_client_v2.c:211: Error handler invoked: status = -61, source = [slurm.pmix.57466092.0:0]
slurmstepd: error: *** STEP 57466092.0 ON spartan-bm107 CANCELLED AT 2024-03-24T23:18:52 ***
srun: Job step aborted: Waiting up to 32 seconds for job step to finish.
srun: error: spartan-bm107: tasks 1-2: Killed
Usage: /apps/common/bin/my-job-stats [Options] -j <Jobid> [-a|-c|-d|-s|-v]
     Options:
             -a --overall   Display the overall CPU/GPU usage metrics for a running job since it started
             -c --current   Display the current CPU/GPU usage metrics for a running job 
             -h --help      Help menu
             -j --jobid     Job id
             -n --no-color  Do not colorize the usage stats
             -s --sleep     Only to be used in job submit scripts to ensure that runtime of the job is atleast 30 secs before listing metrics.
                            Without this option, very short jobs with less than 30 secs runtime may return invalid resource usage stats
             -v --verbose   Verbose mode
             -d --debug     Debug mode to dump raw slurm job data 
        
